LOG DE PRUEBA MANUAL
2025-12-22 12:58:44.436 INFO  --- [main] c.f.s.SpringSecureApiStarterApplication : [] Starting SpringSecureApiStarterApplication v0.0.1-SNAPSHOT using Java 17.0.17 with PID 1 (/app/app.jar started by root in /app)
2025-12-22 12:58:44.442 DEBUG --- [main] c.f.s.SpringSecureApiStarterApplication : [] Running with Spring Boot v3.4.12, Spring v6.2.14
2025-12-22 12:58:44.445 INFO  --- [main] c.f.s.SpringSecureApiStarterApplication : [] The following 1 profile is active: "dev"
2025-12-22 12:58:48.963 INFO  --- [main] o.s.d.r.c.RepositoryConfigurationDelegate : [] Bootstrapping Spring Data JPA repositories in DEFAULT mode.
2025-12-22 12:58:49.152 INFO  --- [main] o.s.d.r.c.RepositoryConfigurationDelegate : [] Finished Spring Data repository scanning in 162 ms. Found 3 JPA repository interfaces.
2025-12-22 12:58:52.353 INFO  --- [main] o.s.b.w.e.tomcat.TomcatWebServer : [] Tomcat initialized with port 8080 (http)
2025-12-22 12:58:52.388 INFO  --- [main] o.a.catalina.core.StandardService : [] Starting service [Tomcat]
2025-12-22 12:58:52.390 INFO  --- [main] o.a.catalina.core.StandardEngine : [] Starting Servlet engine: [Apache Tomcat/10.1.49]
2025-12-22 12:58:52.493 INFO  --- [main] o.a.c.c.C.[Tomcat].[localhost].[/] : [] Initializing Spring embedded WebApplicationContext
2025-12-22 12:58:52.496 INFO  --- [main] o.s.b.w.s.c.ServletWebServerApplicationContext : [] Root WebApplicationContext: initialization completed in 7867 ms
2025-12-22 12:58:54.182 INFO  --- [main] com.zaxxer.hikari.HikariDataSource : [] HikariPool-1 - Starting...
2025-12-22 12:58:55.011 INFO  --- [main] com.zaxxer.hikari.pool.HikariPool : [] HikariPool-1 - Added connection com.mysql.cj.jdbc.ConnectionImpl@66b40dd3
2025-12-22 12:58:55.020 INFO  --- [main] com.zaxxer.hikari.HikariDataSource : [] HikariPool-1 - Start completed.
2025-12-22 12:58:55.263 INFO  --- [main] org.flywaydb.core.FlywayExecutor : [] Database: jdbc:mysql://db:3306/secure_api?useSSL=false&serverTimezone=UTC&allowPublicKeyRetrieval=true (MySQL 8.0)
2025-12-22 12:58:55.579 INFO  --- [main] o.f.core.internal.command.DbValidate : [] Successfully validated 6 migrations (execution time 00:00.187s)
2025-12-22 12:58:55.631 INFO  --- [main] o.f.core.internal.command.DbMigrate : [] Current version of schema `secure_api`: 6
2025-12-22 12:58:55.639 INFO  --- [main] o.f.core.internal.command.DbMigrate : [] Schema `secure_api` is up to date. No migration necessary.
2025-12-22 12:58:55.846 INFO  --- [main] o.h.jpa.internal.util.LogHelper : [] HHH000204: Processing PersistenceUnitInfo [name: default]
2025-12-22 12:58:56.007 INFO  --- [main] org.hibernate.Version : [] HHH000412: Hibernate ORM core version 6.6.36.Final
2025-12-22 12:58:56.183 INFO  --- [main] o.h.c.i.RegionFactoryInitiator : [] HHH000026: Second-level cache disabled
2025-12-22 12:58:57.132 INFO  --- [main] o.s.o.j.p.SpringPersistenceUnitInfo : [] No LoadTimeWeaver setup: ignoring JPA class transformer
2025-12-22 12:58:57.314 WARN  --- [main] org.hibernate.orm.deprecation : [] HHH90000025: MySQL8Dialect does not need to be specified explicitly using 'hibernate.dialect' (remove the property setting and it will be selected by default)
2025-12-22 12:58:57.318 WARN  --- [main] org.hibernate.orm.deprecation : [] HHH90000026: MySQL8Dialect has been deprecated; use org.hibernate.dialect.MySQLDialect instead
2025-12-22 12:58:57.364 INFO  --- [main] o.hibernate.orm.connections.pooling : [] HHH10001005: Database info:
	Database JDBC URL [Connecting through datasource 'HikariDataSource (HikariPool-1)']
	Database driver: undefined/unknown
	Database version: 8.0
	Autocommit mode: undefined/unknown
	Isolation level: undefined/unknown
	Minimum pool size: undefined/unknown
	Maximum pool size: undefined/unknown
2025-12-22 12:58:59.248 INFO  --- [main] o.h.e.t.j.p.i.JtaPlatformInitiator : [] HHH000489: No JTA platform available (set 'hibernate.transaction.jta.platform' to enable JTA platform integration)
2025-12-22 12:58:59.315 INFO  --- [main] o.s.o.j.LocalContainerEntityManagerFactoryBean : [] Initialized JPA EntityManagerFactory for persistence unit 'default'
2025-12-22 12:59:00.177 DEBUG --- [main] c.f.s.filter.TraceIdFilter : [] Filter 'traceIdFilter' configured for use
2025-12-22 12:59:00.182 DEBUG --- [main] c.f.s.filter.RateLimitFilter : [] Filter 'rateLimitFilter' configured for use
2025-12-22 12:59:00.184 DEBUG --- [main] c.f.s.filter.JwtAuthFilter : [] Filter 'jwtAuthFilter' configured for use
2025-12-22 12:59:00.530 INFO  --- [main] o.s.s.c.a.a.c.InitializeUserDetailsBeanManagerConfigurer$InitializeUserDetailsManagerConfigurer : [] Global AuthenticationManager configured with UserDetailsService bean with name userDetailsServiceImpl
2025-12-22 12:59:00.939 WARN  --- [main] o.s.b.a.o.j.JpaBaseConfiguration$JpaWebConfiguration : [] spring.jpa.open-in-view is enabled by default. Therefore, database queries may be performed during view rendering. Explicitly configure spring.jpa.open-in-view to disable this warning
2025-12-22 12:59:02.149 INFO  --- [main] o.s.b.a.e.web.EndpointLinksResolver : [] Exposing 4 endpoints beneath base path '/actuator'
2025-12-22 12:59:03.731 INFO  --- [main] o.s.b.w.e.tomcat.TomcatWebServer : [] Tomcat started on port 8080 (http) with context path '/'
2025-12-22 12:59:03.798 INFO  --- [main] c.f.s.SpringSecureApiStarterApplication : [] Started SpringSecureApiStarterApplication in 21.934 seconds (process running for 23.433)
2025-12-22 12:59:05.872 INFO  --- [http-nio-8080-exec-1] o.a.c.c.C.[Tomcat].[localhost].[/] : [] Initializing Spring DispatcherServlet 'dispatcherServlet'
2025-12-22 12:59:05.873 INFO  --- [http-nio-8080-exec-1] o.s.web.servlet.DispatcherServlet : [] Initializing Servlet 'dispatcherServlet'
2025-12-22 12:59:05.875 INFO  --- [http-nio-8080-exec-1] o.s.web.servlet.DispatcherServlet : [] Completed initialization in 2 ms
2025-12-22 12:59:22.201 ERROR --- [http-nio-8080-exec-4] c.f.s.e.GlobalExceptionHandler : [015bdc04] Error detectado en el endpoint [/auth/register]: Validation failed for argument [0] in public org.springframework.http.ResponseEntity<?> com.fedeherrera.spring_secure_api_starter.controller.AuthController.register(com.fedeherrera.spring_secure_api_starter.dto.PublicRegisterRequest) with 2 errors: [Field error in object 'publicRegisterRequest' on field 'password': rejected value []; codes [NotBlank.publicRegisterRequest.password,NotBlank.password,NotBlank.java.lang.String,NotBlank]; arguments [org.springframework.context.support.DefaultMessageSourceResolvable: codes [publicRegisterRequest.password,password]; arguments []; default message [password]]; default message [must not be blank]] [Field error in object 'publicRegisterRequest' on field 'password': rejected value []; codes [Size.publicRegisterRequest.password,Size.password,Size.java.lang.String,Size]; arguments [org.springframework.context.support.DefaultMessageSourceResolvable: codes [publicRegisterRequest.password,password]; arguments []; default message [password],100,8]; default message [size must be between 8 and 100]] 
2025-12-22 13:00:22.943 ERROR --- [http-nio-8080-exec-9] c.f.s.e.GlobalExceptionHandler : [39115499] Error detectado en el endpoint [/auth/register]: Validation failed for argument [0] in public org.springframework.http.ResponseEntity<?> com.fedeherrera.spring_secure_api_starter.controller.AuthController.register(com.fedeherrera.spring_secure_api_starter.dto.PublicRegisterRequest) with 2 errors: [Field error in object 'publicRegisterRequest' on field 'password': rejected value []; codes [Size.publicRegisterRequest.password,Size.password,Size.java.lang.String,Size]; arguments [org.springframework.context.support.DefaultMessageSourceResolvable: codes [publicRegisterRequest.password,password]; arguments []; default message [password],100,8]; default message [size must be between 8 and 100]] [Field error in object 'publicRegisterRequest' on field 'password': rejected value []; codes [NotBlank.publicRegisterRequest.password,NotBlank.password,NotBlank.java.lang.String,NotBlank]; arguments [org.springframework.context.support.DefaultMessageSourceResolvable: codes [publicRegisterRequest.password,password]; arguments []; default message [password]]; default message [must not be blank]] 
2025-12-22 13:00:31.013 ERROR --- [http-nio-8080-exec-2] c.f.s.e.GlobalExceptionHandler : [89c68737] Error detectado en el endpoint [/auth/register]: Validation failed for argument [0] in public org.springframework.http.ResponseEntity<?> com.fedeherrera.spring_secure_api_starter.controller.AuthController.register(com.fedeherrera.spring_secure_api_starter.dto.PublicRegisterRequest) with 2 errors: [Field error in object 'publicRegisterRequest' on field 'password': rejected value []; codes [NotBlank.publicRegisterRequest.password,NotBlank.password,NotBlank.java.lang.String,NotBlank]; arguments [org.springframework.context.support.DefaultMessageSourceResolvable: codes [publicRegisterRequest.password,password]; arguments []; default message [password]]; default message [must not be blank]] [Field error in object 'publicRegisterRequest' on field 'password': rejected value []; codes [Size.publicRegisterRequest.password,Size.password,Size.java.lang.String,Size]; arguments [org.springframework.context.support.DefaultMessageSourceResolvable: codes [publicRegisterRequest.password,password]; arguments []; default message [password],100,8]; default message [size must be between 8 and 100]] 
2025-12-22 14:24:36.340 ERROR --- [http-nio-8080-exec-1] c.f.s.e.GlobalExceptionHandler : [88f54f49] Error detectado en el endpoint [/auth/register]: Validation failed for argument [0] in public org.springframework.http.ResponseEntity<?> com.fedeherrera.spring_secure_api_starter.controller.AuthController.register(com.fedeherrera.spring_secure_api_starter.dto.PublicRegisterRequest) with 2 errors: [Field error in object 'publicRegisterRequest' on field 'password': rejected value []; codes [Size.publicRegisterRequest.password,Size.password,Size.java.lang.String,Size]; arguments [org.springframework.context.support.DefaultMessageSourceResolvable: codes [publicRegisterRequest.password,password]; arguments []; default message [password],100,8]; default message [size must be between 8 and 100]] [Field error in object 'publicRegisterRequest' on field 'password': rejected value []; codes [NotBlank.publicRegisterRequest.password,NotBlank.password,NotBlank.java.lang.String,NotBlank]; arguments [org.springframework.context.support.DefaultMessageSourceResolvable: codes [publicRegisterRequest.password,password]; arguments []; default message [password]]; default message [must not be blank]] 
2025-12-22 14:27:46.200 INFO  --- [http-nio-8080-exec-4] o.a.tomcat.util.http.parser.Cookie : [] A cookie header was received [g_state={"i_l":0,"i_ll":1765918076055};] that contained an invalid cookie. That cookie will be ignored.
 Note: further occurrences of this error will be logged at DEBUG level.
2025-12-22 14:27:46.372 WARN  --- [http-nio-8080-exec-5] c.f.s.s.e.JwtAuthenticationEntryPoint : [21fd4fb7] Acceso no autorizado detectado: IP=172.23.0.1, Path=/favicon.ico, Error=Full authentication is required to access this resource
2025-12-22 14:29:19.721 ERROR --- [http-nio-8080-exec-5] c.f.s.e.GlobalExceptionHandler : [caab6eab] Error detectado en el endpoint [/auth/register]: Validation failed for argument [0] in public org.springframework.http.ResponseEntity<?> com.fedeherrera.spring_secure_api_starter.controller.AuthController.register(com.fedeherrera.spring_secure_api_starter.dto.PublicRegisterRequest) with 2 errors: [Field error in object 'publicRegisterRequest' on field 'password': rejected value []; codes [NotBlank.publicRegisterRequest.password,NotBlank.password,NotBlank.java.lang.String,NotBlank]; arguments [org.springframework.context.support.DefaultMessageSourceResolvable: codes [publicRegisterRequest.password,password]; arguments []; default message [password]]; default message [must not be blank]] [Field error in object 'publicRegisterRequest' on field 'password': rejected value []; codes [Size.publicRegisterRequest.password,Size.password,Size.java.lang.String,Size]; arguments [org.springframework.context.support.DefaultMessageSourceResolvable: codes [publicRegisterRequest.password,password]; arguments []; default message [password],100,8]; default message [size must be between 8 and 100]] 
2025-12-22 14:37:50.439 WARN  --- [http-nio-8080-exec-1] c.f.s.s.e.JwtAuthenticationEntryPoint : [77e6183b] Acceso no autorizado detectado: IP=172.23.0.1, Path=/swagger/ui/index, Error=Full authentication is required to access this resource
2025-12-22 14:37:50.537 WARN  --- [http-nio-8080-exec-9] c.f.s.s.e.JwtAuthenticationEntryPoint : [a6268eda] Acceso no autorizado detectado: IP=172.23.0.1, Path=/favicon.ico, Error=Full authentication is required to access this resource
2025-12-22 14:37:57.483 INFO  --- [http-nio-8080-exec-1] o.s.api.AbstractOpenApiResource : [d5b05eaa] Init duration for springdoc-openapi is: 352 ms
2025-12-22 14:38:07.531 WARN  --- [http-nio-8080-exec-2] c.f.s.s.e.JwtAuthenticationEntryPoint : [e47b645d] Acceso no autorizado detectado: IP=172.23.0.1, Path=/auth, Error=Full authentication is required to access this resource
